SlidingMenu_library/build/outputs/logs/manifest-merger-debug-report.txt
-- Merging decision tree log ---
manifest
ADDED from law_edu\SlidingMenu_library\AndroidManifest.xml:2:1-9:12
INJECTED from law_edu\SlidingMenu_library\AndroidManifest.xml:2:1-9:12
INJECTED from law_edu\SlidingMenu_library\AndroidManifest.xml:2:1-9:12
INJECTED from law_edu\SlidingMenu_library\AndroidManifest.xml:2:1-9:12
INJECTED from law_edu\SlidingMenu_library\AndroidManifest.xml:2:1-9:12
INJECTED from law_edu\SlidingMenu_library\AndroidManifest.xml:2:1-9:12
INJECTED from law_edu\SlidingMenu_library\AndroidManifest.xml:2:1-9:12
	package
		ADDED from law_edu\SlidingMenu_library\AndroidManifest.xml:3:5-50
		INJECTED from law_edu\SlidingMenu_library\AndroidManifest.xml
		INJECTED from law_edu\SlidingMenu_library\AndroidManifest.xml
	android:versionName
		ADDED from law_edu\SlidingMenu_library\AndroidManifest.xml:5:5-30
		INJECTED from law_edu\SlidingMenu_library\AndroidManifest.xml
		INJECTED from law_edu\SlidingMenu_library\AndroidManifest.xml
	xmlns:android
		ADDED from law_edu\SlidingMenu_library\AndroidManifest.xml:2:11-69
	android:versionCode
		ADDED from law_edu\SlidingMenu_library\AndroidManifest.xml:4:5-28
		INJECTED from law_edu\SlidingMenu_library\AndroidManifest.xml
		INJECTED from law_edu\SlidingMenu_library\AndroidManifest.xml
uses-sdk
ADDED from law_edu\SlidingMenu_library\AndroidManifest.xml:7:5-47
INJECTED from law_edu\SlidingMenu_library\AndroidManifest.xml:7:5-47
INJECTED from law_edu\SlidingMenu_library\AndroidManifest.xml:7:5-47
INJECTED from law_edu\SlidingMenu_library\AndroidManifest.xml:7:5-47
INJECTED from law_edu\SlidingMenu_library\AndroidManifest.xml:7:5-47
	android:targetSdkVersion
		ADDED from law_edu\SlidingMenu_library\AndroidManifest.xml:7:15-44
		INJECTED from law_edu\SlidingMenu_library\AndroidManifest.xml
		INJECTED from law_edu\SlidingMenu_library\AndroidManifest.xml
	android:minSdkVersion
		INJECTED from law_edu\SlidingMenu_library\AndroidManifest.xml
		ADDED from law_edu\SlidingMenu_library\AndroidManifest.xml:7:5-47
		INJECTED from law_edu\SlidingMenu_library\AndroidManifest.xml